06/06/2016 12:57:37 NORM  FILE:  /home/martinfrpc/www/projets/tweevent/api/q/req.php
06/06/2016 12:57:37 NORM  IN:  
array (
  "action" => Utilisateur_ADD,
  "type" => par,
  "pseudo" => mama@mama.ma,
  "password" => eeafbf4d9b3957b139da7b7f2e7f2d4a,
)

06/06/2016 12:57:37 NORM  action: Utilisateur_ADD 
06/06/2016 12:57:37 NORM  SQL: SELECT * FROM app_tweevent_user WHERE 1 AND pseudo_tweevent_user LIKE 'mama@mama.ma' AND etat != 'supprime'  
06/06/2016 12:57:37 NORM  OUT:  
06/06/2016 12:57:37 NORM  FILE:  /home/martinfrpc/www/projets/tweevent/api/q/req.php
06/06/2016 12:57:37 NORM  IN:  
array (
  "action" => Utilisateur_ADD,
  "type" => par,
  "pseudo" => mama@mama.ma,
  "password" => eeafbf4d9b3957b139da7b7f2e7f2d4a,
)

06/06/2016 12:57:37 NORM  action: Utilisateur_ADD 
06/06/2016 12:57:37 NORM  SQL: SELECT * FROM app_tweevent_user WHERE 1 AND pseudo_tweevent_user LIKE 'mama@mama.ma' AND etat != 'supprime'  
06/06/2016 12:57:37 NORM  OUT:  
