23/05/2016 13:32:25 NORM  FILE:  /home/martinfrpc/www/projets/tweevent/dilasys/install/actions.php
23/05/2016 13:32:25 NORM  IN:  
array (
  "tmsp" => 1464010326,
  "bdd" => martinfrpc3351,
  "login" => martinfrpc3351,
  "mdp" => Lamato33,
  "serveur" => martinfrpc3351.mysql.db,
  "sgbd" => mysql,
  "prefix" => app_,
  "instance" => install,
  "phrase" => Comme il fait beau!,
  "Entrer" => Installer,
  "action" => Install_Verifier,
  "lang" => fr,
)

23/05/2016 13:32:25 NORM  Langue recuperee: fr 
23/05/2016 13:32:25 NORM  Verification des donnees rentrees dans la page de saisie 
23/05/2016 13:32:25 NORM  Tentative de connexion avec l'utilisateur martinfrpc3351 
23/05/2016 13:32:25 NORM  Connexion reussie 
23/05/2016 13:32:25 NORM  Tentative d'ouverture de la base de donnees 
23/05/2016 13:32:25 NORM  Ouverture reussie 
23/05/2016 13:32:25 NORM  Tentative de creation des tables systeme 
23/05/2016 13:32:25 NORM  Creation tables systeme reussie 
23/05/2016 13:32:25 NORM  Tentative de creation des autres tables 
23/05/2016 13:32:25 NORM  Creation autres tables reussie 
23/05/2016 13:32:25 NORM  Ajout des modules autorises 
23/05/2016 13:32:25 NORM  Ajout des modules autorises reussi 
23/05/2016 13:32:25 NORM  Configuration du fichier de conf 
23/05/2016 13:32:25 NORM  Creation du fichier conf pour la partie privee (administration) 
23/05/2016 13:32:25 NORM  Configuration terminee 
23/05/2016 13:32:25 NORM  Configuration du fichier params 
23/05/2016 13:32:25 NORM  Creation du fichier params 
23/05/2016 13:32:25 NORM  Configuration terminee 
23/05/2016 13:32:25 NORM  OUT:  
array (
  "message" => Installation réussie !,
  "etapes" => array (
    "0" => Tentative de connexion avec l'utilisateur  martinfrpc3351,
    "1" => Connexion avec l'utilisateur OK,
    "2" => Tentative d'ouverture de la base de donn&eacute;es ,
    "3" => Ouverture de la base de donn&eacute;es OK,
    "4" => Tentative de cr&eacute;ation des tables syst&egrave;me,
    "5" => Cr&eacute;ation des tables syst&egrave;me OK,
    "6" => Tentative de cr&eacute;ation des tables,
    "7" => Cr&eacute;ation des tables OK,
    "8" => Tentative d'ajout des modules autoris&eacute;s,
    "9" => Ajout des modules OK,
    "10" => Modification du fichier de configuration,
    "11" => Modification du fichier de configuration OK,
    "12" => Modification du fichier de parametrage,
    "13" => Modification du fichier de parametrage OK,
  )
  "page" => Install_Resultat.php,
)

